Copyright 1986-2014 Xilinx, Inc. All Rights Reserved.
---------------------------------------------------------------------------------------------------------------------------------------------------------------------
| Tool Version : Vivado v.2014.2 (win32) Build 932637 Wed Jun 11 13:24:38 MDT 2014
| Date         : Sat May 06 01:30:55 2017
| Host         : JELLECOREMA4D78 running 32-bit major release  (build 7600)
| Command      : report_timing_summary -warn_on_violation -file Eight_Digit_BCD_teller_timing_summary_routed.rpt -pb Eight_Digit_BCD_teller_timing_summary_routed.pb
| Design       : Eight_Digit_BCD_teller
| Device       : 7a100t-csg324
| Speed File   : -1  PRODUCTION 1.12 2014-03-13
---------------------------------------------------------------------------------------------------------------------------------------------------------------------

Timing Summary Report

------------------------------------------------------------------------------------------------
| Timer Settings
| --------------
------------------------------------------------------------------------------------------------

  Enable Multi Corner Analysis               :  Yes
  Enable Pessimism Removal                   :  Yes
  Pessimism Removal Resolution               :  Nearest Common Node
  Enable Input Delay Default Clock           :  No
  Enable Preset / Clear Arcs                 :  No
  Disable Flight Delays                      :  No

  Corner  Analyze    Analyze    
  Name    Max Paths  Min Paths  
  ------  ---------  ---------  
  Slow    Yes        Yes        
  Fast    Yes        Yes        



check_timing report

Table of Contents
-----------------
1. checking no_clock
2. checking constant clock
3. checking pulse_width_clock
4. checking unconstrained_internal_endpoints
5. checking no_input_delay
6. checking no_output_delay
7. checking multiple_clock
8. checking generated_clocks
9. checking loops
10. checking partial_input_delay
11. checking partial_output_delay
12. checking unexpandable_clocks
13. checking latch_loops

1. checking no_clock
--------------------
 There are 5 register/latch pins with no clock driven by root clock pin: Scan_teller/count_out_reg/C (HIGH)

 There are 38 register/latch pins with no clock driven by root clock pin: Scan_teller/scan_out_reg/C (HIGH)

 There are 5 register/latch pins with no clock driven by root clock pin: mux/tellers[0].eerste.tel/carry_out_reg/C (HIGH)

 There are 5 register/latch pins with no clock driven by root clock pin: mux/tellers[1].andere.tel/carry_out_reg/C (HIGH)

 There are 5 register/latch pins with no clock driven by root clock pin: mux/tellers[2].andere.tel/carry_out_reg/C (HIGH)

 There are 5 register/latch pins with no clock driven by root clock pin: mux/tellers[3].andere.tel/carry_out_reg/C (HIGH)

 There are 5 register/latch pins with no clock driven by root clock pin: mux/tellers[4].andere.tel/carry_out_reg/C (HIGH)

 There are 5 register/latch pins with no clock driven by root clock pin: mux/tellers[5].andere.tel/carry_out_reg/C (HIGH)

 There are 4 register/latch pins with no clock driven by root clock pin: mux/tellers[6].andere.tel/carry_out_reg/C (HIGH)


2. checking constant clock
--------------------------
 There are 0 register/latch pins with constant_clock.


3. checking pulse_width_clock
-----------------------------
 There are 0 register/latch pins which need pulse_width check


4. checking unconstrained_internal_endpoints
--------------------------------------------
 There are 140 pins that are not constrained for maximum delay. (HIGH)

 There are 0 pins that are not constrained for maximum delay due to constant clock.


5. checking no_input_delay
--------------------------
 There are 5 input ports with no input delay specified. (HIGH)

 There are 0 input ports with no input delay but user has a false path constraint.


6. checking no_output_delay
---------------------------
 There are 16 ports with no output delay specified. (HIGH)

 There are 0 ports with no output delay but user has a false path constraint

 There are 0 ports with no output delay but has a clock definition.


7. checking multiple_clock
--------------------------
 There are 0 register/latch pins with multiple clocks.


8. checking generated_clocks
----------------------------
 There are 0 generated clocks that are not connected to a clock source.


9. checking loops
-----------------
 There are 0 combinational loops in the design.


10. checking partial_input_delay
--------------------------------
 There are 0 input ports with partial input delay specified.


11. checking partial_output_delay
---------------------------------
 There are 0 ports with partial output delay specified.


12. checking unexpandable_clocks
--------------------------------
 There are 0 unexpandable clock pairs.


13. checking latch_loops
------------------------
 There are 0 combinational latch loops in the design through latch input



------------------------------------------------------------------------------------------------
| Design Timing Summary
| ---------------------
------------------------------------------------------------------------------------------------

    WNS(ns)      TNS(ns)  TNS Failing Endpoints  TNS Total Endpoints      WHS(ns)      THS(ns)  THS Failing Endpoints  THS Total Endpoints     WPWS(ns)     TPWS(ns)  TPWS Failing Endpoints  TPWS Total Endpoints  
    -------      -------  ---------------------  -------------------      -------      -------  ---------------------  -------------------     --------     --------  ----------------------  --------------------  
      4.290        0.000                      0                   66        0.313        0.000                      0                   66        4.500        0.000                       0                    67  


All user specified timing constraints are met.


------------------------------------------------------------------------------------------------
| Clock Summary
| -------------
------------------------------------------------------------------------------------------------

Clock        Waveform(ns)       Period(ns)      Frequency(MHz)
-----        ------------       ----------      --------------
sys_clk_pin  {0.000 5.000}      10.000          100.000         


------------------------------------------------------------------------------------------------
| Intra Clock Table
| -----------------
------------------------------------------------------------------------------------------------

Clock             WNS(ns)      TNS(ns)  TNS Failing Endpoints  TNS Total Endpoints      WHS(ns)      THS(ns)  THS Failing Endpoints  THS Total Endpoints     WPWS(ns)     TPWS(ns)  TPWS Failing Endpoints  TPWS Total Endpoints  
-----             -------      -------  ---------------------  -------------------      -------      -------  ---------------------  -------------------     --------     --------  ----------------------  --------------------  
sys_clk_pin         4.290        0.000                      0                   66        0.313        0.000                      0                   66        4.500        0.000                       0                    67  


------------------------------------------------------------------------------------------------
| Inter Clock Table
| -----------------
------------------------------------------------------------------------------------------------

From Clock    To Clock          WNS(ns)      TNS(ns)  TNS Failing Endpoints  TNS Total Endpoints      WHS(ns)      THS(ns)  THS Failing Endpoints  THS Total Endpoints  
----------    --------          -------      -------  ---------------------  -------------------      -------      -------  ---------------------  -------------------  


------------------------------------------------------------------------------------------------
| Other Path Groups Table
| -----------------------
------------------------------------------------------------------------------------------------

Path Group    From Clock    To Clock          WNS(ns)      TNS(ns)  TNS Failing Endpoints  TNS Total Endpoints      WHS(ns)      THS(ns)  THS Failing Endpoints  THS Total Endpoints  
----------    ----------    --------          -------      -------  ---------------------  -------------------      -------      -------  ---------------------  -------------------  


------------------------------------------------------------------------------------------------
| Timing Details
| --------------
------------------------------------------------------------------------------------------------


---------------------------------------------------------------------------------------------------
From Clock:  sys_clk_pin
  To Clock:  sys_clk_pin

Setup :            0  Failing Endpoints,  Worst Slack        4.290ns,  Total Violation        0.000ns
Hold  :            0  Failing Endpoints,  Worst Slack        0.313ns,  Total Violation        0.000ns
PW    :            0  Failing Endpoints,  Worst Slack        4.500ns,  Total Violation        0.000ns
---------------------------------------------------------------------------------------------------


Max Delay Paths
--------------------------------------------------------------------------------------
Slack (MET) :             4.290ns  (required time - arrival time)
  Source:                 Scan_teller/cntr1_reg[3]/C
                            (rising edge-triggered cell FDCE clocked by sys_clk_pin  {rise@0.000ns fall@5.000ns period=10.000ns})
  Destination:            Scan_teller/cntr1_reg[29]/D
                            (rising edge-triggered cell FDCE clocked by sys_clk_pin  {rise@0.000ns fall@5.000ns period=10.000ns})
  Path Group:             sys_clk_pin
  Path Type:              Setup (Max at Slow Process Corner)
  Requirement:            10.000ns  (sys_clk_pin rise@10.000ns - sys_clk_pin rise@0.000ns)
  Data Path Delay:        5.715ns  (logic 3.307ns (57.866%)  route 2.408ns (42.134%))
  Logic Levels:           14  (CARRY4=12 LUT2=2)
  Clock Path Skew:        -0.022ns (DCD - SCD + CPR)
    Destination Clock Delay (DCD):    4.691ns = ( 14.691 - 10.000 ) 
    Source Clock Delay      (SCD):    4.982ns
    Clock Pessimism Removal (CPR):    0.269ns
  Clock Uncertainty:      0.035ns  ((TSJ^2 + TIJ^2)^1/2 + DJ) / 2 + PE
    Total System Jitter     (TSJ):    0.071ns
    Total Input Jitter      (TIJ):    0.000ns
    Discrete Jitter          (DJ):    0.000ns
    Phase Error              (PE):    0.000ns

    Location             Delay type                Incr(ns)  Path(ns)    Netlist Resource(s)
  -------------------------------------------------------------------    -------------------
                         (clock sys_clk_pin rise edge)
                                                      0.000     0.000 r  
    E3                                                0.000     0.000 r  clk
                         net (fo=0)                   0.000     0.000    clk
    E3                   IBUF (Prop_ibuf_I_O)         1.482     1.482 r  clk_IBUF_inst/O
                         net (fo=1, routed)           1.780     3.262    clk_IBUF
    BUFGCTRL_X0Y16       BUFG (Prop_bufg_I_O)         0.096     3.358 r  clk_IBUF_BUFG_inst/O
                         net (fo=66, routed)          1.623     4.982    Scan_teller/clk
    SLICE_X55Y90                                                      r  Scan_teller/cntr1_reg[3]/C
  -------------------------------------------------------------------    -------------------
    SLICE_X55Y90         FDCE (Prop_fdce_C_Q)         0.456     5.438 r  Scan_teller/cntr1_reg[3]/Q
                         net (fo=3, routed)           0.825     6.262    Scan_teller/cntr1_reg[3]
    SLICE_X54Y92         LUT2 (Prop_lut2_I1_O)        0.124     6.386 r  Scan_teller/scan_out_i_27/O
                         net (fo=1, routed)           0.000     6.386    Scan_teller/n_0_scan_out_i_27
    SLICE_X54Y92         CARRY4 (Prop_carry4_S[1]_CO[3])
                                                      0.533     6.919 r  Scan_teller/scan_out_reg_i_15/CO[3]
                         net (fo=1, routed)           0.000     6.919    Scan_teller/n_0_scan_out_reg_i_15
    SLICE_X54Y93         CARRY4 (Prop_carry4_CI_CO[3])
                                                      0.117     7.036 r  Scan_teller/scan_out_reg_i_9/CO[3]
                         net (fo=1, routed)           0.000     7.036    Scan_teller/n_0_scan_out_reg_i_9
    SLICE_X54Y94         CARRY4 (Prop_carry4_CI_CO[3])
                                                      0.117     7.153 r  Scan_teller/scan_out_reg_i_4/CO[3]
                         net (fo=1, routed)           0.000     7.153    Scan_teller/n_0_scan_out_reg_i_4
    SLICE_X54Y95         CARRY4 (Prop_carry4_CI_CO[3])
                                                      0.117     7.270 r  Scan_teller/scan_out_reg_i_3/CO[3]
                         net (fo=34, routed)          1.583     8.854    Scan_teller/cntr11
    SLICE_X55Y90         LUT2 (Prop_lut2_I0_O)        0.424     9.278 r  Scan_teller/cntr1[0]_i_3/O
                         net (fo=1, routed)           0.000     9.278    Scan_teller/n_0_cntr1[0]_i_3
    SLICE_X55Y90         CARRY4 (Prop_carry4_S[3]_CO[3])
                                                      0.401     9.679 r  Scan_teller/cntr1_reg[0]_i_1/CO[3]
                         net (fo=1, routed)           0.000     9.679    Scan_teller/n_0_cntr1_reg[0]_i_1
    SLICE_X55Y91         CARRY4 (Prop_carry4_CI_CO[3])
                                                      0.114     9.793 r  Scan_teller/cntr1_reg[4]_i_1/CO[3]
                         net (fo=1, routed)           0.000     9.793    Scan_teller/n_0_cntr1_reg[4]_i_1
    SLICE_X55Y92         CARRY4 (Prop_carry4_CI_CO[3])
                                                      0.114     9.907 r  Scan_teller/cntr1_reg[8]_i_1/CO[3]
                         net (fo=1, routed)           0.000     9.907    Scan_teller/n_0_cntr1_reg[8]_i_1
    SLICE_X55Y93         CARRY4 (Prop_carry4_CI_CO[3])
                                                      0.114    10.021 r  Scan_teller/cntr1_reg[12]_i_1/CO[3]
                         net (fo=1, routed)           0.000    10.021    Scan_teller/n_0_cntr1_reg[12]_i_1
    SLICE_X55Y94         CARRY4 (Prop_carry4_CI_CO[3])
                                                      0.114    10.135 r  Scan_teller/cntr1_reg[16]_i_1/CO[3]
                         net (fo=1, routed)           0.000    10.135    Scan_teller/n_0_cntr1_reg[16]_i_1
    SLICE_X55Y95         CARRY4 (Prop_carry4_CI_CO[3])
                                                      0.114    10.249 r  Scan_teller/cntr1_reg[20]_i_1/CO[3]
                         net (fo=1, routed)           0.000    10.249    Scan_teller/n_0_cntr1_reg[20]_i_1
    SLICE_X55Y96         CARRY4 (Prop_carry4_CI_CO[3])
                                                      0.114    10.363 r  Scan_teller/cntr1_reg[24]_i_1/CO[3]
                         net (fo=1, routed)           0.000    10.363    Scan_teller/n_0_cntr1_reg[24]_i_1
    SLICE_X55Y97         CARRY4 (Prop_carry4_CI_O[1])
                                                      0.334    10.697 r  Scan_teller/cntr1_reg[28]_i_1/O[1]
                         net (fo=1, routed)           0.000    10.697    Scan_teller/n_6_cntr1_reg[28]_i_1
    SLICE_X55Y97         FDCE                                         r  Scan_teller/cntr1_reg[29]/D
  -------------------------------------------------------------------    -------------------

                         (clock sys_clk_pin rise edge)
                                                     10.000    10.000 r  
    E3                                                0.000    10.000 r  clk
                         net (fo=0)                   0.000    10.000    clk
    E3                   IBUF (Prop_ibuf_I_O)         1.411    11.411 r  clk_IBUF_inst/O
                         net (fo=1, routed)           1.683    13.094    clk_IBUF
    BUFGCTRL_X0Y16       BUFG (Prop_bufg_I_O)         0.091    13.185 r  clk_IBUF_BUFG_inst/O
                         net (fo=66, routed)          1.505    14.691    Scan_teller/clk
    SLICE_X55Y97                                                      r  Scan_teller/cntr1_reg[29]/C
                         clock pessimism              0.269    14.960    
                         clock uncertainty           -0.035    14.924    
    SLICE_X55Y97         FDCE (Setup_fdce_C_D)        0.062    14.986    Scan_teller/cntr1_reg[29]
  -------------------------------------------------------------------
                         required time                         14.986    
                         arrival time                         -10.697    
  -------------------------------------------------------------------
                         slack                                  4.290    





Min Delay Paths
--------------------------------------------------------------------------------------
Slack (MET) :             0.313ns  (arrival time - required time)
  Source:                 Scan_teller/cntr1_reg[15]/C
                            (rising edge-triggered cell FDCE clocked by sys_clk_pin  {rise@0.000ns fall@5.000ns period=10.000ns})
  Destination:            Scan_teller/cntr1_reg[15]/D
                            (rising edge-triggered cell FDCE clocked by sys_clk_pin  {rise@0.000ns fall@5.000ns period=10.000ns})
  Path Group:             sys_clk_pin
  Path Type:              Hold (Min at Fast Process Corner)
  Requirement:            0.000ns  (sys_clk_pin rise@0.000ns - sys_clk_pin rise@0.000ns)
  Data Path Delay:        0.418ns  (logic 0.249ns (59.540%)  route 0.169ns (40.460%))
  Logic Levels:           2  (CARRY4=1 LUT2=1)
  Clock Path Skew:        0.000ns (DCD - SCD - CPR)
    Destination Clock Delay (DCD):    1.903ns
    Source Clock Delay      (SCD):    1.397ns
    Clock Pessimism Removal (CPR):    0.505ns

    Location             Delay type                Incr(ns)  Path(ns)    Netlist Resource(s)
  -------------------------------------------------------------------    -------------------
                         (clock sys_clk_pin rise edge)
                                                      0.000     0.000 r  
    E3                                                0.000     0.000 r  clk
                         net (fo=0)                   0.000     0.000    clk
    E3                   IBUF (Prop_ibuf_I_O)         0.250     0.250 r  clk_IBUF_inst/O
                         net (fo=1, routed)           0.558     0.808    clk_IBUF
    BUFGCTRL_X0Y16       BUFG (Prop_bufg_I_O)         0.026     0.834 r  clk_IBUF_BUFG_inst/O
                         net (fo=66, routed)          0.564     1.397    Scan_teller/clk
    SLICE_X55Y93                                                      r  Scan_teller/cntr1_reg[15]/C
  -------------------------------------------------------------------    -------------------
    SLICE_X55Y93         FDCE (Prop_fdce_C_Q)         0.141     1.538 r  Scan_teller/cntr1_reg[15]/Q
                         net (fo=3, routed)           0.169     1.708    Scan_teller/cntr1_reg[15]
    SLICE_X55Y93         LUT2 (Prop_lut2_I1_O)        0.045     1.753 r  Scan_teller/cntr1[12]_i_2/O
                         net (fo=1, routed)           0.000     1.753    Scan_teller/n_0_cntr1[12]_i_2
    SLICE_X55Y93         CARRY4 (Prop_carry4_S[3]_O[3])
                                                      0.063     1.816 r  Scan_teller/cntr1_reg[12]_i_1/O[3]
                         net (fo=1, routed)           0.000     1.816    Scan_teller/n_4_cntr1_reg[12]_i_1
    SLICE_X55Y93         FDCE                                         r  Scan_teller/cntr1_reg[15]/D
  -------------------------------------------------------------------    -------------------

                         (clock sys_clk_pin rise edge)
                                                      0.000     0.000 r  
    E3                                                0.000     0.000 r  clk
                         net (fo=0)                   0.000     0.000    clk
    E3                   IBUF (Prop_ibuf_I_O)         0.438     0.438 r  clk_IBUF_inst/O
                         net (fo=1, routed)           0.603     1.040    clk_IBUF
    BUFGCTRL_X0Y16       BUFG (Prop_bufg_I_O)         0.029     1.069 r  clk_IBUF_BUFG_inst/O
                         net (fo=66, routed)          0.834     1.903    Scan_teller/clk
    SLICE_X55Y93                                                      r  Scan_teller/cntr1_reg[15]/C
                         clock pessimism             -0.505     1.397    
    SLICE_X55Y93         FDCE (Hold_fdce_C_D)         0.105     1.502    Scan_teller/cntr1_reg[15]
  -------------------------------------------------------------------
                         required time                         -1.502    
                         arrival time                           1.816    
  -------------------------------------------------------------------
                         slack                                  0.313    





Pulse Width Checks
--------------------------------------------------------------------------------------
Clock Name:         sys_clk_pin
Waveform:           { 0 5 }
Period:             10.000
Sources:            { clk }

Check Type        Corner  Lib Pin  Reference Pin  Required  Actual  Slack  Location        Pin
Min Period        n/a     BUFG/I   n/a            2.155     10.000  7.845  BUFGCTRL_X0Y16  clk_IBUF_BUFG_inst/I
Low Pulse Width   Slow    FDCE/C   n/a            0.500     5.000   4.500  SLICE_X55Y75    Scan_teller/cntr2_reg[0]/C
High Pulse Width  Slow    FDCE/C   n/a            0.500     5.000   4.500  SLICE_X55Y75    Scan_teller/cntr2_reg[0]/C



