Copyright 1986-2014 Xilinx, Inc. All Rights Reserved.
---------------------------------------------------------------------------------------------------------------------------------------------------------------------
| Tool Version : Vivado v.2014.2 (win32) Build 932637 Wed Jun 11 13:24:38 MDT 2014
| Date         : Tue May 09 01:27:30 2017
| Host         : JELLECOREMA4D78 running 32-bit major release  (build 7600)
| Command      : report_timing_summary -warn_on_violation -file Eight_Digit_BCD_teller_timing_summary_routed.rpt -pb Eight_Digit_BCD_teller_timing_summary_routed.pb
| Design       : Eight_Digit_BCD_teller
| Device       : 7a100t-csg324
| Speed File   : -1  PRODUCTION 1.12 2014-03-13
---------------------------------------------------------------------------------------------------------------------------------------------------------------------

Timing Summary Report

------------------------------------------------------------------------------------------------
| Timer Settings
| --------------
------------------------------------------------------------------------------------------------

  Enable Multi Corner Analysis               :  Yes
  Enable Pessimism Removal                   :  Yes
  Pessimism Removal Resolution               :  Nearest Common Node
  Enable Input Delay Default Clock           :  No
  Enable Preset / Clear Arcs                 :  No
  Disable Flight Delays                      :  No

  Corner  Analyze    Analyze    
  Name    Max Paths  Min Paths  
  ------  ---------  ---------  
  Slow    Yes        Yes        
  Fast    Yes        Yes        



check_timing report

Table of Contents
-----------------
1. checking no_clock
2. checking constant clock
3. checking pulse_width_clock
4. checking unconstrained_internal_endpoints
5. checking no_input_delay
6. checking no_output_delay
7. checking multiple_clock
8. checking generated_clocks
9. checking loops
10. checking partial_input_delay
11. checking partial_output_delay
12. checking unexpandable_clocks
13. checking latch_loops

1. checking no_clock
--------------------
 There are 5 register/latch pins with no clock driven by root clock pin: Scan_teller/count_out_reg/C (HIGH)

 There are 38 register/latch pins with no clock driven by root clock pin: Scan_teller/scan_out_reg/C (HIGH)

 There are 5 register/latch pins with no clock driven by root clock pin: mux/tellers[0].eerste.tel/tempcarry_reg/C (HIGH)

 There are 5 register/latch pins with no clock driven by root clock pin: mux/tellers[1].andere.tel/tempcarry_reg/C (HIGH)

 There are 5 register/latch pins with no clock driven by root clock pin: mux/tellers[2].andere.tel/tempcarry_reg/C (HIGH)

 There are 5 register/latch pins with no clock driven by root clock pin: mux/tellers[3].andere.tel/tempcarry_reg/C (HIGH)

 There are 5 register/latch pins with no clock driven by root clock pin: mux/tellers[4].andere.tel/tempcarry_reg/C (HIGH)

 There are 5 register/latch pins with no clock driven by root clock pin: mux/tellers[5].andere.tel/tempcarry_reg/C (HIGH)

 There are 4 register/latch pins with no clock driven by root clock pin: mux/tellers[6].andere.tel/tempcarry_reg/C (HIGH)


2. checking constant clock
--------------------------
 There are 0 register/latch pins with constant_clock.


3. checking pulse_width_clock
-----------------------------
 There are 0 register/latch pins which need pulse_width check


4. checking unconstrained_internal_endpoints
--------------------------------------------
 There are 182 pins that are not constrained for maximum delay. (HIGH)

 There are 0 pins that are not constrained for maximum delay due to constant clock.


5. checking no_input_delay
--------------------------
 There are 5 input ports with no input delay specified. (HIGH)

 There are 0 input ports with no input delay but user has a false path constraint.


6. checking no_output_delay
---------------------------
 There are 16 ports with no output delay specified. (HIGH)

 There are 0 ports with no output delay but user has a false path constraint

 There are 0 ports with no output delay but has a clock definition.


7. checking multiple_clock
--------------------------
 There are 0 register/latch pins with multiple clocks.


8. checking generated_clocks
----------------------------
 There are 0 generated clocks that are not connected to a clock source.


9. checking loops
-----------------
 There are 0 combinational loops in the design.


10. checking partial_input_delay
--------------------------------
 There are 0 input ports with partial input delay specified.


11. checking partial_output_delay
---------------------------------
 There are 0 ports with partial output delay specified.


12. checking unexpandable_clocks
--------------------------------
 There are 0 unexpandable clock pairs.


13. checking latch_loops
------------------------
 There are 0 combinational latch loops in the design through latch input



------------------------------------------------------------------------------------------------
| Design Timing Summary
| ---------------------
------------------------------------------------------------------------------------------------

    WNS(ns)      TNS(ns)  TNS Failing Endpoints  TNS Total Endpoints      WHS(ns)      THS(ns)  THS Failing Endpoints  THS Total Endpoints     WPWS(ns)     TPWS(ns)  TPWS Failing Endpoints  TPWS Total Endpoints  
    -------      -------  ---------------------  -------------------      -------      -------  ---------------------  -------------------     --------     --------  ----------------------  --------------------  
      4.371        0.000                      0                   66        0.269        0.000                      0                   66        4.500        0.000                       0                    67  


All user specified timing constraints are met.


------------------------------------------------------------------------------------------------
| Clock Summary
| -------------
------------------------------------------------------------------------------------------------

Clock        Waveform(ns)       Period(ns)      Frequency(MHz)
-----        ------------       ----------      --------------
sys_clk_pin  {0.000 5.000}      10.000          100.000         


------------------------------------------------------------------------------------------------
| Intra Clock Table
| -----------------
------------------------------------------------------------------------------------------------

Clock             WNS(ns)      TNS(ns)  TNS Failing Endpoints  TNS Total Endpoints      WHS(ns)      THS(ns)  THS Failing Endpoints  THS Total Endpoints     WPWS(ns)     TPWS(ns)  TPWS Failing Endpoints  TPWS Total Endpoints  
-----             -------      -------  ---------------------  -------------------      -------      -------  ---------------------  -------------------     --------     --------  ----------------------  --------------------  
sys_clk_pin         4.371        0.000                      0                   66        0.269        0.000                      0                   66        4.500        0.000                       0                    67  


------------------------------------------------------------------------------------------------
| Inter Clock Table
| -----------------
------------------------------------------------------------------------------------------------

From Clock    To Clock          WNS(ns)      TNS(ns)  TNS Failing Endpoints  TNS Total Endpoints      WHS(ns)      THS(ns)  THS Failing Endpoints  THS Total Endpoints  
----------    --------          -------      -------  ---------------------  -------------------      -------      -------  ---------------------  -------------------  


------------------------------------------------------------------------------------------------
| Other Path Groups Table
| -----------------------
------------------------------------------------------------------------------------------------

Path Group    From Clock    To Clock          WNS(ns)      TNS(ns)  TNS Failing Endpoints  TNS Total Endpoints      WHS(ns)      THS(ns)  THS Failing Endpoints  THS Total Endpoints  
----------    ----------    --------          -------      -------  ---------------------  -------------------      -------      -------  ---------------------  -------------------  


------------------------------------------------------------------------------------------------
| Timing Details
| --------------
------------------------------------------------------------------------------------------------


---------------------------------------------------------------------------------------------------
From Clock:  sys_clk_pin
  To Clock:  sys_clk_pin

Setup :            0  Failing Endpoints,  Worst Slack        4.371ns,  Total Violation        0.000ns
Hold  :            0  Failing Endpoints,  Worst Slack        0.269ns,  Total Violation        0.000ns
PW    :            0  Failing Endpoints,  Worst Slack        4.500ns,  Total Violation        0.000ns
---------------------------------------------------------------------------------------------------


Max Delay Paths
--------------------------------------------------------------------------------------
Slack (MET) :             4.371ns  (required time - arrival time)
  Source:                 Scan_teller/cntr1_reg[3]/C
                            (rising edge-triggered cell FDCE clocked by sys_clk_pin  {rise@0.000ns fall@5.000ns period=10.000ns})
  Destination:            Scan_teller/cntr1_reg[29]/D
                            (rising edge-triggered cell FDCE clocked by sys_clk_pin  {rise@0.000ns fall@5.000ns period=10.000ns})
  Path Group:             sys_clk_pin
  Path Type:              Setup (Max at Slow Process Corner)
  Requirement:            10.000ns  (sys_clk_pin rise@10.000ns - sys_clk_pin rise@0.000ns)
  Data Path Delay:        5.637ns  (logic 3.456ns (61.311%)  route 2.181ns (38.689%))
  Logic Levels:           14  (CARRY4=12 LUT2=2)
  Clock Path Skew:        -0.019ns (DCD - SCD + CPR)
    Destination Clock Delay (DCD):    4.782ns = ( 14.782 - 10.000 ) 
    Source Clock Delay      (SCD):    5.069ns
    Clock Pessimism Removal (CPR):    0.268ns
  Clock Uncertainty:      0.035ns  ((TSJ^2 + TIJ^2)^1/2 + DJ) / 2 + PE
    Total System Jitter     (TSJ):    0.071ns
    Total Input Jitter      (TIJ):    0.000ns
    Discrete Jitter          (DJ):    0.000ns
    Phase Error              (PE):    0.000ns

    Location             Delay type                Incr(ns)  Path(ns)    Netlist Resource(s)
  -------------------------------------------------------------------    -------------------
                         (clock sys_clk_pin rise edge)
                                                      0.000     0.000 r  
    E3                                                0.000     0.000 r  clk
                         net (fo=0)                   0.000     0.000    clk
    E3                   IBUF (Prop_ibuf_I_O)         1.482     1.482 r  clk_IBUF_inst/O
                         net (fo=1, routed)           1.780     3.262    clk_IBUF
    BUFGCTRL_X0Y16       BUFG (Prop_bufg_I_O)         0.096     3.358 r  clk_IBUF_BUFG_inst/O
                         net (fo=66, routed)          1.710     5.069    Scan_teller/clk
    SLICE_X77Y84                                                      r  Scan_teller/cntr1_reg[3]/C
  -------------------------------------------------------------------    -------------------
    SLICE_X77Y84         FDCE (Prop_fdce_C_Q)         0.456     5.525 r  Scan_teller/cntr1_reg[3]/Q
                         net (fo=3, routed)           0.825     6.349    Scan_teller/cntr1_reg[3]
    SLICE_X76Y86         LUT2 (Prop_lut2_I1_O)        0.124     6.473 r  Scan_teller/scan_out_i_27/O
                         net (fo=1, routed)           0.000     6.473    Scan_teller/n_0_scan_out_i_27
    SLICE_X76Y86         CARRY4 (Prop_carry4_S[1]_CO[3])
                                                      0.533     7.006 r  Scan_teller/scan_out_reg_i_15/CO[3]
                         net (fo=1, routed)           0.000     7.006    Scan_teller/n_0_scan_out_reg_i_15
    SLICE_X76Y87         CARRY4 (Prop_carry4_CI_CO[3])
                                                      0.117     7.123 r  Scan_teller/scan_out_reg_i_9/CO[3]
                         net (fo=1, routed)           0.000     7.123    Scan_teller/n_0_scan_out_reg_i_9
    SLICE_X76Y88         CARRY4 (Prop_carry4_CI_CO[3])
                                                      0.117     7.240 r  Scan_teller/scan_out_reg_i_4/CO[3]
                         net (fo=1, routed)           0.000     7.240    Scan_teller/n_0_scan_out_reg_i_4
    SLICE_X76Y89         CARRY4 (Prop_carry4_CI_CO[3])
                                                      0.117     7.357 r  Scan_teller/scan_out_reg_i_3/CO[3]
                         net (fo=34, routed)          1.356     8.714    Scan_teller/n_0_scan_out_reg_i_3
    SLICE_X77Y84         LUT2 (Prop_lut2_I0_O)        0.424     9.138 r  Scan_teller/cntr1[0]_i_5/O
                         net (fo=1, routed)           0.000     9.138    Scan_teller/n_0_cntr1[0]_i_5
    SLICE_X77Y84         CARRY4 (Prop_carry4_S[1]_CO[3])
                                                      0.550     9.688 r  Scan_teller/cntr1_reg[0]_i_1/CO[3]
                         net (fo=1, routed)           0.000     9.688    Scan_teller/n_0_cntr1_reg[0]_i_1
    SLICE_X77Y85         CARRY4 (Prop_carry4_CI_CO[3])
                                                      0.114     9.802 r  Scan_teller/cntr1_reg[4]_i_1/CO[3]
                         net (fo=1, routed)           0.000     9.802    Scan_teller/n_0_cntr1_reg[4]_i_1
    SLICE_X77Y86         CARRY4 (Prop_carry4_CI_CO[3])
                                                      0.114     9.916 r  Scan_teller/cntr1_reg[8]_i_1/CO[3]
                         net (fo=1, routed)           0.000     9.916    Scan_teller/n_0_cntr1_reg[8]_i_1
    SLICE_X77Y87         CARRY4 (Prop_carry4_CI_CO[3])
                                                      0.114    10.030 r  Scan_teller/cntr1_reg[12]_i_1/CO[3]
                         net (fo=1, routed)           0.000    10.030    Scan_teller/n_0_cntr1_reg[12]_i_1
    SLICE_X77Y88         CARRY4 (Prop_carry4_CI_CO[3])
                                                      0.114    10.144 r  Scan_teller/cntr1_reg[16]_i_1/CO[3]
                         net (fo=1, routed)           0.000    10.144    Scan_teller/n_0_cntr1_reg[16]_i_1
    SLICE_X77Y89         CARRY4 (Prop_carry4_CI_CO[3])
                                                      0.114    10.258 r  Scan_teller/cntr1_reg[20]_i_1/CO[3]
                         net (fo=1, routed)           0.000    10.258    Scan_teller/n_0_cntr1_reg[20]_i_1
    SLICE_X77Y90         CARRY4 (Prop_carry4_CI_CO[3])
                                                      0.114    10.372 r  Scan_teller/cntr1_reg[24]_i_1/CO[3]
                         net (fo=1, routed)           0.000    10.372    Scan_teller/n_0_cntr1_reg[24]_i_1
    SLICE_X77Y91         CARRY4 (Prop_carry4_CI_O[1])
                                                      0.334    10.706 r  Scan_teller/cntr1_reg[28]_i_1/O[1]
                         net (fo=1, routed)           0.000    10.706    Scan_teller/n_6_cntr1_reg[28]_i_1
    SLICE_X77Y91         FDCE                                         r  Scan_teller/cntr1_reg[29]/D
  -------------------------------------------------------------------    -------------------

                         (clock sys_clk_pin rise edge)
                                                     10.000    10.000 r  
    E3                                                0.000    10.000 r  clk
                         net (fo=0)                   0.000    10.000    clk
    E3                   IBUF (Prop_ibuf_I_O)         1.411    11.411 r  clk_IBUF_inst/O
                         net (fo=1, routed)           1.683    13.094    clk_IBUF
    BUFGCTRL_X0Y16       BUFG (Prop_bufg_I_O)         0.091    13.185 r  clk_IBUF_BUFG_inst/O
                         net (fo=66, routed)          1.596    14.782    Scan_teller/clk
    SLICE_X77Y91                                                      r  Scan_teller/cntr1_reg[29]/C
                         clock pessimism              0.268    15.050    
                         clock uncertainty           -0.035    15.014    
    SLICE_X77Y91         FDCE (Setup_fdce_C_D)        0.062    15.076    Scan_teller/cntr1_reg[29]
  -------------------------------------------------------------------
                         required time                         15.076    
                         arrival time                         -10.706    
  -------------------------------------------------------------------
                         slack                                  4.371    





Min Delay Paths
--------------------------------------------------------------------------------------
Slack (MET) :             0.269ns  (arrival time - required time)
  Source:                 Scan_teller/cntr1_reg[30]/C
                            (rising edge-triggered cell FDCE clocked by sys_clk_pin  {rise@0.000ns fall@5.000ns period=10.000ns})
  Destination:            Scan_teller/cntr1_reg[30]/D
                            (rising edge-triggered cell FDCE clocked by sys_clk_pin  {rise@0.000ns fall@5.000ns period=10.000ns})
  Path Group:             sys_clk_pin
  Path Type:              Hold (Min at Fast Process Corner)
  Requirement:            0.000ns  (sys_clk_pin rise@0.000ns - sys_clk_pin rise@0.000ns)
  Data Path Delay:        0.374ns  (logic 0.252ns (67.456%)  route 0.122ns (32.544%))
  Logic Levels:           2  (CARRY4=1 LUT2=1)
  Clock Path Skew:        0.000ns (DCD - SCD - CPR)
    Destination Clock Delay (DCD):    1.938ns
    Source Clock Delay      (SCD):    1.429ns
    Clock Pessimism Removal (CPR):    0.508ns

    Location             Delay type                Incr(ns)  Path(ns)    Netlist Resource(s)
  -------------------------------------------------------------------    -------------------
                         (clock sys_clk_pin rise edge)
                                                      0.000     0.000 r  
    E3                                                0.000     0.000 r  clk
                         net (fo=0)                   0.000     0.000    clk
    E3                   IBUF (Prop_ibuf_I_O)         0.250     0.250 r  clk_IBUF_inst/O
                         net (fo=1, routed)           0.558     0.808    clk_IBUF
    BUFGCTRL_X0Y16       BUFG (Prop_bufg_I_O)         0.026     0.834 r  clk_IBUF_BUFG_inst/O
                         net (fo=66, routed)          0.596     1.429    Scan_teller/clk
    SLICE_X77Y91                                                      r  Scan_teller/cntr1_reg[30]/C
  -------------------------------------------------------------------    -------------------
    SLICE_X77Y91         FDCE (Prop_fdce_C_Q)         0.141     1.570 r  Scan_teller/cntr1_reg[30]/Q
                         net (fo=2, routed)           0.122     1.692    Scan_teller/cntr1_reg[30]
    SLICE_X77Y91         LUT2 (Prop_lut2_I1_O)        0.045     1.737 r  Scan_teller/cntr1[28]_i_3/O
                         net (fo=1, routed)           0.000     1.737    Scan_teller/n_0_cntr1[28]_i_3
    SLICE_X77Y91         CARRY4 (Prop_carry4_S[2]_O[2])
                                                      0.066     1.803 r  Scan_teller/cntr1_reg[28]_i_1/O[2]
                         net (fo=1, routed)           0.000     1.803    Scan_teller/n_5_cntr1_reg[28]_i_1
    SLICE_X77Y91         FDCE                                         r  Scan_teller/cntr1_reg[30]/D
  -------------------------------------------------------------------    -------------------

                         (clock sys_clk_pin rise edge)
                                                      0.000     0.000 r  
    E3                                                0.000     0.000 r  clk
                         net (fo=0)                   0.000     0.000    clk
    E3                   IBUF (Prop_ibuf_I_O)         0.438     0.438 r  clk_IBUF_inst/O
                         net (fo=1, routed)           0.603     1.040    clk_IBUF
    BUFGCTRL_X0Y16       BUFG (Prop_bufg_I_O)         0.029     1.069 r  clk_IBUF_BUFG_inst/O
                         net (fo=66, routed)          0.869     1.938    Scan_teller/clk
    SLICE_X77Y91                                                      r  Scan_teller/cntr1_reg[30]/C
                         clock pessimism             -0.508     1.429    
    SLICE_X77Y91         FDCE (Hold_fdce_C_D)         0.105     1.534    Scan_teller/cntr1_reg[30]
  -------------------------------------------------------------------
                         required time                         -1.534    
                         arrival time                           1.803    
  -------------------------------------------------------------------
                         slack                                  0.269    





Pulse Width Checks
--------------------------------------------------------------------------------------
Clock Name:         sys_clk_pin
Waveform:           { 0 5 }
Period:             10.000
Sources:            { clk }

Check Type        Corner  Lib Pin  Reference Pin  Required  Actual  Slack  Location        Pin
Min Period        n/a     BUFG/I   n/a            2.155     10.000  7.845  BUFGCTRL_X0Y16  clk_IBUF_BUFG_inst/I
Low Pulse Width   Fast    FDCE/C   n/a            0.500     5.000   4.500  SLICE_X77Y88    Scan_teller/cntr1_reg[16]/C
High Pulse Width  Slow    FDCE/C   n/a            0.500     5.000   4.500  SLICE_X77Y84    Scan_teller/cntr1_reg[0]/C



